<?xml version="1.0" encoding="UTF-8"?>
<!-- Generated by org.testng.reporters.JUnitReportReporter -->
<testsuite hostname="Pavilion" failures="0" tests="1" name="com.rest.dummy.Basics" time="3.884" errors="0" timestamp="2021-05-28T16:00:28 IST" skipped="0">
  <testcase classname="com.rest.dummy.Basics" name="GetPost" time="3.884"/>
  <system-out/>
</testsuite> <!-- com.rest.dummy.Basics -->
